2012/01/24 23:01:45 [error] [exception.CHttpException.404] exception 'CHttpException' with message 'Unable to resolve the request "members".' in /home/nxa/www/total-invest/framework/web/CWebApplication.php:280
Stack trace:
#0 /home/nxa/www/total-invest/framework/web/CWebApplication.php(135): CWebApplication->runController('members')
#1 /home/nxa/www/total-invest/framework/base/CApplication.php(162): CWebApplication->processRequest()
#2 /home/nxa/www/total-invest/public_html/backend/index.php(13): CApplication->run()
#3 {main}
REQUEST_URI=/backend/members
---
2012/01/25 21:20:38 [error] [exception.CHttpException.404] exception 'CHttpException' with message 'Unable to resolve the request "favicon.ico".' in /home/nxa/www/total-invest/framework/web/CWebApplication.php:280
Stack trace:
#0 /home/nxa/www/total-invest/framework/web/CWebApplication.php(135): CWebApplication->runController('favicon.ico')
#1 /home/nxa/www/total-invest/framework/base/CApplication.php(162): CWebApplication->processRequest()
#2 /home/nxa/www/total-invest/public_html/index.php(13): CApplication->run()
#3 {main}
REQUEST_URI=/favicon.ico
---
2012/01/25 21:20:39 [error] [exception.CHttpException.404] exception 'CHttpException' with message 'Unable to resolve the request "favicon.ico".' in /home/nxa/www/total-invest/framework/web/CWebApplication.php:280
Stack trace:
#0 /home/nxa/www/total-invest/framework/web/CWebApplication.php(135): CWebApplication->runController('favicon.ico')
#1 /home/nxa/www/total-invest/framework/base/CApplication.php(162): CWebApplication->processRequest()
#2 /home/nxa/www/total-invest/public_html/index.php(13): CApplication->run()
#3 {main}
REQUEST_URI=/favicon.ico
---
2012/01/25 21:20:41 [error] [exception.CHttpException.404] exception 'CHttpException' with message 'Unable to resolve the request "favicon.ico".' in /home/nxa/www/total-invest/framework/web/CWebApplication.php:280
Stack trace:
#0 /home/nxa/www/total-invest/framework/web/CWebApplication.php(135): CWebApplication->runController('favicon.ico')
#1 /home/nxa/www/total-invest/framework/base/CApplication.php(162): CWebApplication->processRequest()
#2 /home/nxa/www/total-invest/public_html/index.php(13): CApplication->run()
#3 {main}
REQUEST_URI=/favicon.ico
---
2012/01/25 21:20:42 [error] [exception.CHttpException.404] exception 'CHttpException' with message 'Unable to resolve the request "favicon.ico".' in /home/nxa/www/total-invest/framework/web/CWebApplication.php:280
Stack trace:
#0 /home/nxa/www/total-invest/framework/web/CWebApplication.php(135): CWebApplication->runController('favicon.ico')
#1 /home/nxa/www/total-invest/framework/base/CApplication.php(162): CWebApplication->processRequest()
#2 /home/nxa/www/total-invest/public_html/index.php(13): CApplication->run()
#3 {main}
REQUEST_URI=/favicon.ico
---
2012/01/25 21:20:43 [error] [exception.CHttpException.404] exception 'CHttpException' with message 'Unable to resolve the request "favicon.ico".' in /home/nxa/www/total-invest/framework/web/CWebApplication.php:280
Stack trace:
#0 /home/nxa/www/total-invest/framework/web/CWebApplication.php(135): CWebApplication->runController('favicon.ico')
#1 /home/nxa/www/total-invest/framework/base/CApplication.php(162): CWebApplication->processRequest()
#2 /home/nxa/www/total-invest/public_html/index.php(13): CApplication->run()
#3 {main}
REQUEST_URI=/favicon.ico
---
2012/01/25 21:20:48 [error] [exception.CHttpException.404] exception 'CHttpException' with message 'Unable to resolve the request "favicon.ico".' in /home/nxa/www/total-invest/framework/web/CWebApplication.php:280
Stack trace:
#0 /home/nxa/www/total-invest/framework/web/CWebApplication.php(135): CWebApplication->runController('favicon.ico')
#1 /home/nxa/www/total-invest/framework/base/CApplication.php(162): CWebApplication->processRequest()
#2 /home/nxa/www/total-invest/public_html/index.php(13): CApplication->run()
#3 {main}
REQUEST_URI=/favicon.ico
---
2012/01/25 21:20:52 [error] [exception.CHttpException.404] exception 'CHttpException' with message 'Unable to resolve the request "favicon.ico".' in /home/nxa/www/total-invest/framework/web/CWebApplication.php:280
Stack trace:
#0 /home/nxa/www/total-invest/framework/web/CWebApplication.php(135): CWebApplication->runController('favicon.ico')
#1 /home/nxa/www/total-invest/framework/base/CApplication.php(162): CWebApplication->processRequest()
#2 /home/nxa/www/total-invest/public_html/index.php(13): CApplication->run()
#3 {main}
REQUEST_URI=/favicon.ico
---
2012/01/25 21:20:53 [error] [exception.CHttpException.404] exception 'CHttpException' with message 'Unable to resolve the request "favicon.ico".' in /home/nxa/www/total-invest/framework/web/CWebApplication.php:280
Stack trace:
#0 /home/nxa/www/total-invest/framework/web/CWebApplication.php(135): CWebApplication->runController('favicon.ico')
#1 /home/nxa/www/total-invest/framework/base/CApplication.php(162): CWebApplication->processRequest()
#2 /home/nxa/www/total-invest/public_html/index.php(13): CApplication->run()
#3 {main}
REQUEST_URI=/favicon.ico
---
2012/01/25 21:20:57 [error] [exception.CHttpException.404] exception 'CHttpException' with message 'Unable to resolve the request "favicon.ico".' in /home/nxa/www/total-invest/framework/web/CWebApplication.php:280
Stack trace:
#0 /home/nxa/www/total-invest/framework/web/CWebApplication.php(135): CWebApplication->runController('favicon.ico')
#1 /home/nxa/www/total-invest/framework/base/CApplication.php(162): CWebApplication->processRequest()
#2 /home/nxa/www/total-invest/public_html/index.php(13): CApplication->run()
#3 {main}
REQUEST_URI=/favicon.ico
---
2012/01/25 21:20:58 [error] [exception.CHttpException.404] exception 'CHttpException' with message 'Unable to resolve the request "favicon.ico".' in /home/nxa/www/total-invest/framework/web/CWebApplication.php:280
Stack trace:
#0 /home/nxa/www/total-invest/framework/web/CWebApplication.php(135): CWebApplication->runController('favicon.ico')
#1 /home/nxa/www/total-invest/framework/base/CApplication.php(162): CWebApplication->processRequest()
#2 /home/nxa/www/total-invest/public_html/index.php(13): CApplication->run()
#3 {main}
REQUEST_URI=/favicon.ico
---
2012/01/25 21:21:00 [error] [exception.CHttpException.404] exception 'CHttpException' with message 'Unable to resolve the request "favicon.ico".' in /home/nxa/www/total-invest/framework/web/CWebApplication.php:280
Stack trace:
#0 /home/nxa/www/total-invest/framework/web/CWebApplication.php(135): CWebApplication->runController('favicon.ico')
#1 /home/nxa/www/total-invest/framework/base/CApplication.php(162): CWebApplication->processRequest()
#2 /home/nxa/www/total-invest/public_html/index.php(13): CApplication->run()
#3 {main}
REQUEST_URI=/favicon.ico
---
2012/01/25 21:21:02 [error] [exception.CHttpException.404] exception 'CHttpException' with message 'Unable to resolve the request "favicon.ico".' in /home/nxa/www/total-invest/framework/web/CWebApplication.php:280
Stack trace:
#0 /home/nxa/www/total-invest/framework/web/CWebApplication.php(135): CWebApplication->runController('favicon.ico')
#1 /home/nxa/www/total-invest/framework/base/CApplication.php(162): CWebApplication->processRequest()
#2 /home/nxa/www/total-invest/public_html/index.php(13): CApplication->run()
#3 {main}
REQUEST_URI=/favicon.ico
---
2012/01/25 21:21:06 [error] [exception.CHttpException.404] exception 'CHttpException' with message 'Unable to resolve the request "favicon.ico".' in /home/nxa/www/total-invest/framework/web/CWebApplication.php:280
Stack trace:
#0 /home/nxa/www/total-invest/framework/web/CWebApplication.php(135): CWebApplication->runController('favicon.ico')
#1 /home/nxa/www/total-invest/framework/base/CApplication.php(162): CWebApplication->processRequest()
#2 /home/nxa/www/total-invest/public_html/index.php(13): CApplication->run()
#3 {main}
REQUEST_URI=/favicon.ico
---
2012/01/25 21:21:10 [error] [exception.CHttpException.404] exception 'CHttpException' with message 'Unable to resolve the request "favicon.ico".' in /home/nxa/www/total-invest/framework/web/CWebApplication.php:280
Stack trace:
#0 /home/nxa/www/total-invest/framework/web/CWebApplication.php(135): CWebApplication->runController('favicon.ico')
#1 /home/nxa/www/total-invest/framework/base/CApplication.php(162): CWebApplication->processRequest()
#2 /home/nxa/www/total-invest/public_html/index.php(13): CApplication->run()
#3 {main}
REQUEST_URI=/favicon.ico
---
2012/01/25 21:26:01 [error] [exception.CHttpException.404] exception 'CHttpException' with message 'Unable to resolve the request "favicon.ico".' in /home/nxa/www/total-invest/framework/web/CWebApplication.php:280
Stack trace:
#0 /home/nxa/www/total-invest/framework/web/CWebApplication.php(135): CWebApplication->runController('favicon.ico')
#1 /home/nxa/www/total-invest/framework/base/CApplication.php(162): CWebApplication->processRequest()
#2 /home/nxa/www/total-invest/public_html/index.php(13): CApplication->run()
#3 {main}
REQUEST_URI=/favicon.ico
---
2012/01/25 21:26:02 [error] [exception.CHttpException.404] exception 'CHttpException' with message 'Unable to resolve the request "favicon.ico".' in /home/nxa/www/total-invest/framework/web/CWebApplication.php:280
Stack trace:
#0 /home/nxa/www/total-invest/framework/web/CWebApplication.php(135): CWebApplication->runController('favicon.ico')
#1 /home/nxa/www/total-invest/framework/base/CApplication.php(162): CWebApplication->processRequest()
#2 /home/nxa/www/total-invest/public_html/index.php(13): CApplication->run()
#3 {main}
REQUEST_URI=/favicon.ico
---
2012/01/25 21:29:56 [error] [exception.CHttpException.404] exception 'CHttpException' with message 'Невозможно обработать запрос "favicon.ico".' in /home/nxa/www/total-invest/framework/web/CWebApplication.php:280
Stack trace:
#0 /home/nxa/www/total-invest/framework/web/CWebApplication.php(135): CWebApplication->runController('favicon.ico')
#1 /home/nxa/www/total-invest/framework/base/CApplication.php(162): CWebApplication->processRequest()
#2 /home/nxa/www/total-invest/public_html/index.php(13): CApplication->run()
#3 {main}
REQUEST_URI=/favicon.ico
---
2012/01/25 21:29:59 [error] [exception.CHttpException.404] exception 'CHttpException' with message 'Невозможно обработать запрос "favicon.ico".' in /home/nxa/www/total-invest/framework/web/CWebApplication.php:280
Stack trace:
#0 /home/nxa/www/total-invest/framework/web/CWebApplication.php(135): CWebApplication->runController('favicon.ico')
#1 /home/nxa/www/total-invest/framework/base/CApplication.php(162): CWebApplication->processRequest()
#2 /home/nxa/www/total-invest/public_html/index.php(13): CApplication->run()
#3 {main}
REQUEST_URI=/favicon.ico
---
2012/01/25 21:30:11 [error] [exception.CHttpException.404] exception 'CHttpException' with message 'Невозможно обработать запрос "favicon.ico".' in /home/nxa/www/total-invest/framework/web/CWebApplication.php:280
Stack trace:
#0 /home/nxa/www/total-invest/framework/web/CWebApplication.php(135): CWebApplication->runController('favicon.ico')
#1 /home/nxa/www/total-invest/framework/base/CApplication.php(162): CWebApplication->processRequest()
#2 /home/nxa/www/total-invest/public_html/index.php(13): CApplication->run()
#3 {main}
REQUEST_URI=/favicon.ico
---
2012/01/25 21:30:14 [error] [exception.CHttpException.404] exception 'CHttpException' with message 'Невозможно обработать запрос "favicon.ico".' in /home/nxa/www/total-invest/framework/web/CWebApplication.php:280
Stack trace:
#0 /home/nxa/www/total-invest/framework/web/CWebApplication.php(135): CWebApplication->runController('favicon.ico')
#1 /home/nxa/www/total-invest/framework/base/CApplication.php(162): CWebApplication->processRequest()
#2 /home/nxa/www/total-invest/public_html/index.php(13): CApplication->run()
#3 {main}
REQUEST_URI=/favicon.ico
---
2012/01/25 21:30:16 [error] [exception.CHttpException.404] exception 'CHttpException' with message 'Невозможно обработать запрос "favicon.ico".' in /home/nxa/www/total-invest/framework/web/CWebApplication.php:280
Stack trace:
#0 /home/nxa/www/total-invest/framework/web/CWebApplication.php(135): CWebApplication->runController('favicon.ico')
#1 /home/nxa/www/total-invest/framework/base/CApplication.php(162): CWebApplication->processRequest()
#2 /home/nxa/www/total-invest/public_html/index.php(13): CApplication->run()
#3 {main}
REQUEST_URI=/favicon.ico
---
2012/01/25 21:30:37 [error] [exception.CHttpException.404] exception 'CHttpException' with message 'Невозможно обработать запрос "favicon.ico".' in /home/nxa/www/total-invest/framework/web/CWebApplication.php:280
Stack trace:
#0 /home/nxa/www/total-invest/framework/web/CWebApplication.php(135): CWebApplication->runController('favicon.ico')
#1 /home/nxa/www/total-invest/framework/base/CApplication.php(162): CWebApplication->processRequest()
#2 /home/nxa/www/total-invest/public_html/index.php(13): CApplication->run()
#3 {main}
REQUEST_URI=/favicon.ico
---
2012/01/25 21:30:38 [error] [exception.CHttpException.404] exception 'CHttpException' with message 'Невозможно обработать запрос "favicon.ico".' in /home/nxa/www/total-invest/framework/web/CWebApplication.php:280
Stack trace:
#0 /home/nxa/www/total-invest/framework/web/CWebApplication.php(135): CWebApplication->runController('favicon.ico')
#1 /home/nxa/www/total-invest/framework/base/CApplication.php(162): CWebApplication->processRequest()
#2 /home/nxa/www/total-invest/public_html/index.php(13): CApplication->run()
#3 {main}
REQUEST_URI=/favicon.ico
---
2012/01/25 21:30:38 [error] [exception.CHttpException.404] exception 'CHttpException' with message 'Невозможно обработать запрос "favicon.ico".' in /home/nxa/www/total-invest/framework/web/CWebApplication.php:280
Stack trace:
#0 /home/nxa/www/total-invest/framework/web/CWebApplication.php(135): CWebApplication->runController('favicon.ico')
#1 /home/nxa/www/total-invest/framework/base/CApplication.php(162): CWebApplication->processRequest()
#2 /home/nxa/www/total-invest/public_html/index.php(13): CApplication->run()
#3 {main}
REQUEST_URI=/favicon.ico
---
2012/01/25 21:30:39 [error] [exception.CHttpException.404] exception 'CHttpException' with message 'Невозможно обработать запрос "favicon.ico".' in /home/nxa/www/total-invest/framework/web/CWebApplication.php:280
Stack trace:
#0 /home/nxa/www/total-invest/framework/web/CWebApplication.php(135): CWebApplication->runController('favicon.ico')
#1 /home/nxa/www/total-invest/framework/base/CApplication.php(162): CWebApplication->processRequest()
#2 /home/nxa/www/total-invest/public_html/index.php(13): CApplication->run()
#3 {main}
REQUEST_URI=/favicon.ico
---
2012/01/25 21:31:20 [error] [exception.CHttpException.404] exception 'CHttpException' with message 'Невозможно обработать запрос "css/form.css".' in /home/nxa/www/total-invest/framework/web/CWebApplication.php:280
Stack trace:
#0 /home/nxa/www/total-invest/framework/web/CWebApplication.php(135): CWebApplication->runController('css/form.css')
#1 /home/nxa/www/total-invest/framework/base/CApplication.php(162): CWebApplication->processRequest()
#2 /home/nxa/www/total-invest/public_html/index.php(13): CApplication->run()
#3 {main}
REQUEST_URI=/css/form.css
HTTP_REFERER=http://total-invest.test/
---
2012/01/25 21:31:20 [error] [exception.CHttpException.404] exception 'CHttpException' with message 'Невозможно обработать запрос "css/screen.css".' in /home/nxa/www/total-invest/framework/web/CWebApplication.php:280
Stack trace:
#0 /home/nxa/www/total-invest/framework/web/CWebApplication.php(135): CWebApplication->runController('css/screen.css')
#1 /home/nxa/www/total-invest/framework/base/CApplication.php(162): CWebApplication->processRequest()
#2 /home/nxa/www/total-invest/public_html/index.php(13): CApplication->run()
#3 {main}
REQUEST_URI=/css/screen.css
HTTP_REFERER=http://total-invest.test/
---
2012/01/25 21:31:20 [error] [exception.CHttpException.404] exception 'CHttpException' with message 'Невозможно обработать запрос "css/main.css".' in /home/nxa/www/total-invest/framework/web/CWebApplication.php:280
Stack trace:
#0 /home/nxa/www/total-invest/framework/web/CWebApplication.php(135): CWebApplication->runController('css/main.css')
#1 /home/nxa/www/total-invest/framework/base/CApplication.php(162): CWebApplication->processRequest()
#2 /home/nxa/www/total-invest/public_html/index.php(13): CApplication->run()
#3 {main}
REQUEST_URI=/css/main.css
HTTP_REFERER=http://total-invest.test/
---
2012/01/25 21:31:20 [error] [exception.CHttpException.404] exception 'CHttpException' with message 'Невозможно обработать запрос "css/print.css".' in /home/nxa/www/total-invest/framework/web/CWebApplication.php:280
Stack trace:
#0 /home/nxa/www/total-invest/framework/web/CWebApplication.php(135): CWebApplication->runController('css/print.css')
#1 /home/nxa/www/total-invest/framework/base/CApplication.php(162): CWebApplication->processRequest()
#2 /home/nxa/www/total-invest/public_html/index.php(13): CApplication->run()
#3 {main}
REQUEST_URI=/css/print.css
HTTP_REFERER=http://total-invest.test/
---
2012/01/25 21:31:20 [error] [exception.CHttpException.404] exception 'CHttpException' with message 'Невозможно обработать запрос "favicon.ico".' in /home/nxa/www/total-invest/framework/web/CWebApplication.php:280
Stack trace:
#0 /home/nxa/www/total-invest/framework/web/CWebApplication.php(135): CWebApplication->runController('favicon.ico')
#1 /home/nxa/www/total-invest/framework/base/CApplication.php(162): CWebApplication->processRequest()
#2 /home/nxa/www/total-invest/public_html/index.php(13): CApplication->run()
#3 {main}
REQUEST_URI=/favicon.ico
---
2012/01/25 21:31:22 [error] [exception.CHttpException.404] exception 'CHttpException' with message 'Невозможно обработать запрос "css/form.css".' in /home/nxa/www/total-invest/framework/web/CWebApplication.php:280
Stack trace:
#0 /home/nxa/www/total-invest/framework/web/CWebApplication.php(135): CWebApplication->runController('css/form.css')
#1 /home/nxa/www/total-invest/framework/base/CApplication.php(162): CWebApplication->processRequest()
#2 /home/nxa/www/total-invest/public_html/index.php(13): CApplication->run()
#3 {main}
REQUEST_URI=/css/form.css
HTTP_REFERER=http://total-invest.test/
---
2012/01/25 21:31:22 [error] [exception.CHttpException.404] exception 'CHttpException' with message 'Невозможно обработать запрос "css/screen.css".' in /home/nxa/www/total-invest/framework/web/CWebApplication.php:280
Stack trace:
#0 /home/nxa/www/total-invest/framework/web/CWebApplication.php(135): CWebApplication->runController('css/screen.css')
#1 /home/nxa/www/total-invest/framework/base/CApplication.php(162): CWebApplication->processRequest()
#2 /home/nxa/www/total-invest/public_html/index.php(13): CApplication->run()
#3 {main}
REQUEST_URI=/css/screen.css
HTTP_REFERER=http://total-invest.test/
---
2012/01/25 21:31:22 [error] [exception.CHttpException.404] exception 'CHttpException' with message 'Невозможно обработать запрос "css/main.css".' in /home/nxa/www/total-invest/framework/web/CWebApplication.php:280
Stack trace:
#0 /home/nxa/www/total-invest/framework/web/CWebApplication.php(135): CWebApplication->runController('css/main.css')
#1 /home/nxa/www/total-invest/framework/base/CApplication.php(162): CWebApplication->processRequest()
#2 /home/nxa/www/total-invest/public_html/index.php(13): CApplication->run()
#3 {main}
REQUEST_URI=/css/main.css
HTTP_REFERER=http://total-invest.test/
---
2012/01/25 21:31:22 [error] [exception.CHttpException.404] exception 'CHttpException' with message 'Невозможно обработать запрос "css/print.css".' in /home/nxa/www/total-invest/framework/web/CWebApplication.php:280
Stack trace:
#0 /home/nxa/www/total-invest/framework/web/CWebApplication.php(135): CWebApplication->runController('css/print.css')
#1 /home/nxa/www/total-invest/framework/base/CApplication.php(162): CWebApplication->processRequest()
#2 /home/nxa/www/total-invest/public_html/index.php(13): CApplication->run()
#3 {main}
REQUEST_URI=/css/print.css
HTTP_REFERER=http://total-invest.test/
---
2012/01/25 21:31:22 [error] [exception.CHttpException.404] exception 'CHttpException' with message 'Невозможно обработать запрос "favicon.ico".' in /home/nxa/www/total-invest/framework/web/CWebApplication.php:280
Stack trace:
#0 /home/nxa/www/total-invest/framework/web/CWebApplication.php(135): CWebApplication->runController('favicon.ico')
#1 /home/nxa/www/total-invest/framework/base/CApplication.php(162): CWebApplication->processRequest()
#2 /home/nxa/www/total-invest/public_html/index.php(13): CApplication->run()
#3 {main}
REQUEST_URI=/favicon.ico
---
2012/01/25 21:32:58 [error] [exception.CHttpException.404] exception 'CHttpException' with message 'Невозможно обработать запрос "css/main.css".' in /home/nxa/www/total-invest/framework/web/CWebApplication.php:280
Stack trace:
#0 /home/nxa/www/total-invest/framework/web/CWebApplication.php(135): CWebApplication->runController('css/main.css')
#1 /home/nxa/www/total-invest/framework/base/CApplication.php(162): CWebApplication->processRequest()
#2 /home/nxa/www/total-invest/public_html/index.php(13): CApplication->run()
#3 {main}
REQUEST_URI=/css/main.css
HTTP_REFERER=http://total-invest.test/
---
2012/01/25 21:32:58 [error] [exception.CHttpException.404] exception 'CHttpException' with message 'Невозможно обработать запрос "css/screen.css".' in /home/nxa/www/total-invest/framework/web/CWebApplication.php:280
Stack trace:
#0 /home/nxa/www/total-invest/framework/web/CWebApplication.php(135): CWebApplication->runController('css/screen.css')
#1 /home/nxa/www/total-invest/framework/base/CApplication.php(162): CWebApplication->processRequest()
#2 /home/nxa/www/total-invest/public_html/index.php(13): CApplication->run()
#3 {main}
REQUEST_URI=/css/screen.css
HTTP_REFERER=http://total-invest.test/
---
2012/01/25 21:32:58 [error] [exception.CHttpException.404] exception 'CHttpException' with message 'Невозможно обработать запрос "css/form.css".' in /home/nxa/www/total-invest/framework/web/CWebApplication.php:280
Stack trace:
#0 /home/nxa/www/total-invest/framework/web/CWebApplication.php(135): CWebApplication->runController('css/form.css')
#1 /home/nxa/www/total-invest/framework/base/CApplication.php(162): CWebApplication->processRequest()
#2 /home/nxa/www/total-invest/public_html/index.php(13): CApplication->run()
#3 {main}
REQUEST_URI=/css/form.css
HTTP_REFERER=http://total-invest.test/
---
2012/01/25 21:32:58 [error] [exception.CHttpException.404] exception 'CHttpException' with message 'Невозможно обработать запрос "css/print.css".' in /home/nxa/www/total-invest/framework/web/CWebApplication.php:280
Stack trace:
#0 /home/nxa/www/total-invest/framework/web/CWebApplication.php(135): CWebApplication->runController('css/print.css')
#1 /home/nxa/www/total-invest/framework/base/CApplication.php(162): CWebApplication->processRequest()
#2 /home/nxa/www/total-invest/public_html/index.php(13): CApplication->run()
#3 {main}
REQUEST_URI=/css/print.css
HTTP_REFERER=http://total-invest.test/
---
2012/01/25 21:32:58 [error] [exception.CHttpException.404] exception 'CHttpException' with message 'Невозможно обработать запрос "favicon.ico".' in /home/nxa/www/total-invest/framework/web/CWebApplication.php:280
Stack trace:
#0 /home/nxa/www/total-invest/framework/web/CWebApplication.php(135): CWebApplication->runController('favicon.ico')
#1 /home/nxa/www/total-invest/framework/base/CApplication.php(162): CWebApplication->processRequest()
#2 /home/nxa/www/total-invest/public_html/index.php(13): CApplication->run()
#3 {main}
REQUEST_URI=/favicon.ico
---
2012/01/25 21:32:59 [error] [exception.CHttpException.404] exception 'CHttpException' with message 'Невозможно обработать запрос "css/main.css".' in /home/nxa/www/total-invest/framework/web/CWebApplication.php:280
Stack trace:
#0 /home/nxa/www/total-invest/framework/web/CWebApplication.php(135): CWebApplication->runController('css/main.css')
#1 /home/nxa/www/total-invest/framework/base/CApplication.php(162): CWebApplication->processRequest()
#2 /home/nxa/www/total-invest/public_html/index.php(13): CApplication->run()
#3 {main}
REQUEST_URI=/css/main.css
HTTP_REFERER=http://total-invest.test/
---
2012/01/25 21:32:59 [error] [exception.CHttpException.404] exception 'CHttpException' with message 'Невозможно обработать запрос "css/screen.css".' in /home/nxa/www/total-invest/framework/web/CWebApplication.php:280
Stack trace:
#0 /home/nxa/www/total-invest/framework/web/CWebApplication.php(135): CWebApplication->runController('css/screen.css')
#1 /home/nxa/www/total-invest/framework/base/CApplication.php(162): CWebApplication->processRequest()
#2 /home/nxa/www/total-invest/public_html/index.php(13): CApplication->run()
#3 {main}
REQUEST_URI=/css/screen.css
HTTP_REFERER=http://total-invest.test/
---
2012/01/25 21:32:59 [error] [exception.CHttpException.404] exception 'CHttpException' with message 'Невозможно обработать запрос "css/form.css".' in /home/nxa/www/total-invest/framework/web/CWebApplication.php:280
Stack trace:
#0 /home/nxa/www/total-invest/framework/web/CWebApplication.php(135): CWebApplication->runController('css/form.css')
#1 /home/nxa/www/total-invest/framework/base/CApplication.php(162): CWebApplication->processRequest()
#2 /home/nxa/www/total-invest/public_html/index.php(13): CApplication->run()
#3 {main}
REQUEST_URI=/css/form.css
HTTP_REFERER=http://total-invest.test/
---
2012/01/25 21:32:59 [error] [exception.CHttpException.404] exception 'CHttpException' with message 'Невозможно обработать запрос "css/print.css".' in /home/nxa/www/total-invest/framework/web/CWebApplication.php:280
Stack trace:
#0 /home/nxa/www/total-invest/framework/web/CWebApplication.php(135): CWebApplication->runController('css/print.css')
#1 /home/nxa/www/total-invest/framework/base/CApplication.php(162): CWebApplication->processRequest()
#2 /home/nxa/www/total-invest/public_html/index.php(13): CApplication->run()
#3 {main}
REQUEST_URI=/css/print.css
HTTP_REFERER=http://total-invest.test/
---
2012/01/25 21:32:59 [error] [exception.CHttpException.404] exception 'CHttpException' with message 'Невозможно обработать запрос "favicon.ico".' in /home/nxa/www/total-invest/framework/web/CWebApplication.php:280
Stack trace:
#0 /home/nxa/www/total-invest/framework/web/CWebApplication.php(135): CWebApplication->runController('favicon.ico')
#1 /home/nxa/www/total-invest/framework/base/CApplication.php(162): CWebApplication->processRequest()
#2 /home/nxa/www/total-invest/public_html/index.php(13): CApplication->run()
#3 {main}
REQUEST_URI=/favicon.ico
---
2012/01/25 21:33:07 [error] [exception.CHttpException.404] exception 'CHttpException' with message 'Невозможно обработать запрос "css/main.css".' in /home/nxa/www/total-invest/framework/web/CWebApplication.php:280
Stack trace:
#0 /home/nxa/www/total-invest/framework/web/CWebApplication.php(135): CWebApplication->runController('css/main.css')
#1 /home/nxa/www/total-invest/framework/base/CApplication.php(162): CWebApplication->processRequest()
#2 /home/nxa/www/total-invest/public_html/index.php(13): CApplication->run()
#3 {main}
REQUEST_URI=/css/main.css
HTTP_REFERER=http://total-invest.test/
---
2012/01/25 21:33:07 [error] [exception.CHttpException.404] exception 'CHttpException' with message 'Невозможно обработать запрос "css/screen.css".' in /home/nxa/www/total-invest/framework/web/CWebApplication.php:280
Stack trace:
#0 /home/nxa/www/total-invest/framework/web/CWebApplication.php(135): CWebApplication->runController('css/screen.css')
#1 /home/nxa/www/total-invest/framework/base/CApplication.php(162): CWebApplication->processRequest()
#2 /home/nxa/www/total-invest/public_html/index.php(13): CApplication->run()
#3 {main}
REQUEST_URI=/css/screen.css
HTTP_REFERER=http://total-invest.test/
---
2012/01/25 21:33:07 [error] [exception.CHttpException.404] exception 'CHttpException' with message 'Невозможно обработать запрос "css/form.css".' in /home/nxa/www/total-invest/framework/web/CWebApplication.php:280
Stack trace:
#0 /home/nxa/www/total-invest/framework/web/CWebApplication.php(135): CWebApplication->runController('css/form.css')
#1 /home/nxa/www/total-invest/framework/base/CApplication.php(162): CWebApplication->processRequest()
#2 /home/nxa/www/total-invest/public_html/index.php(13): CApplication->run()
#3 {main}
REQUEST_URI=/css/form.css
HTTP_REFERER=http://total-invest.test/
---
2012/01/25 21:33:07 [error] [exception.CHttpException.404] exception 'CHttpException' with message 'Невозможно обработать запрос "css/print.css".' in /home/nxa/www/total-invest/framework/web/CWebApplication.php:280
Stack trace:
#0 /home/nxa/www/total-invest/framework/web/CWebApplication.php(135): CWebApplication->runController('css/print.css')
#1 /home/nxa/www/total-invest/framework/base/CApplication.php(162): CWebApplication->processRequest()
#2 /home/nxa/www/total-invest/public_html/index.php(13): CApplication->run()
#3 {main}
REQUEST_URI=/css/print.css
HTTP_REFERER=http://total-invest.test/
---
2012/01/25 21:33:07 [error] [exception.CHttpException.404] exception 'CHttpException' with message 'Невозможно обработать запрос "favicon.ico".' in /home/nxa/www/total-invest/framework/web/CWebApplication.php:280
Stack trace:
#0 /home/nxa/www/total-invest/framework/web/CWebApplication.php(135): CWebApplication->runController('favicon.ico')
#1 /home/nxa/www/total-invest/framework/base/CApplication.php(162): CWebApplication->processRequest()
#2 /home/nxa/www/total-invest/public_html/index.php(13): CApplication->run()
#3 {main}
REQUEST_URI=/favicon.ico
---
2012/01/25 21:33:08 [error] [exception.CHttpException.404] exception 'CHttpException' with message 'Невозможно обработать запрос "css/screen.css".' in /home/nxa/www/total-invest/framework/web/CWebApplication.php:280
Stack trace:
#0 /home/nxa/www/total-invest/framework/web/CWebApplication.php(135): CWebApplication->runController('css/screen.css')
#1 /home/nxa/www/total-invest/framework/base/CApplication.php(162): CWebApplication->processRequest()
#2 /home/nxa/www/total-invest/public_html/index.php(13): CApplication->run()
#3 {main}
REQUEST_URI=/css/screen.css
HTTP_REFERER=http://total-invest.test/
---
2012/01/25 21:33:08 [error] [exception.CHttpException.404] exception 'CHttpException' with message 'Невозможно обработать запрос "css/form.css".' in /home/nxa/www/total-invest/framework/web/CWebApplication.php:280
Stack trace:
#0 /home/nxa/www/total-invest/framework/web/CWebApplication.php(135): CWebApplication->runController('css/form.css')
#1 /home/nxa/www/total-invest/framework/base/CApplication.php(162): CWebApplication->processRequest()
#2 /home/nxa/www/total-invest/public_html/index.php(13): CApplication->run()
#3 {main}
REQUEST_URI=/css/form.css
HTTP_REFERER=http://total-invest.test/
---
2012/01/25 21:33:08 [error] [exception.CHttpException.404] exception 'CHttpException' with message 'Невозможно обработать запрос "css/main.css".' in /home/nxa/www/total-invest/framework/web/CWebApplication.php:280
Stack trace:
#0 /home/nxa/www/total-invest/framework/web/CWebApplication.php(135): CWebApplication->runController('css/main.css')
#1 /home/nxa/www/total-invest/framework/base/CApplication.php(162): CWebApplication->processRequest()
#2 /home/nxa/www/total-invest/public_html/index.php(13): CApplication->run()
#3 {main}
REQUEST_URI=/css/main.css
HTTP_REFERER=http://total-invest.test/
---
2012/01/25 21:33:08 [error] [exception.CHttpException.404] exception 'CHttpException' with message 'Невозможно обработать запрос "css/print.css".' in /home/nxa/www/total-invest/framework/web/CWebApplication.php:280
Stack trace:
#0 /home/nxa/www/total-invest/framework/web/CWebApplication.php(135): CWebApplication->runController('css/print.css')
#1 /home/nxa/www/total-invest/framework/base/CApplication.php(162): CWebApplication->processRequest()
#2 /home/nxa/www/total-invest/public_html/index.php(13): CApplication->run()
#3 {main}
REQUEST_URI=/css/print.css
HTTP_REFERER=http://total-invest.test/
---
2012/01/25 21:33:09 [error] [exception.CHttpException.404] exception 'CHttpException' with message 'Невозможно обработать запрос "favicon.ico".' in /home/nxa/www/total-invest/framework/web/CWebApplication.php:280
Stack trace:
#0 /home/nxa/www/total-invest/framework/web/CWebApplication.php(135): CWebApplication->runController('favicon.ico')
#1 /home/nxa/www/total-invest/framework/base/CApplication.php(162): CWebApplication->processRequest()
#2 /home/nxa/www/total-invest/public_html/index.php(13): CApplication->run()
#3 {main}
REQUEST_URI=/favicon.ico
---
2012/01/25 21:36:03 [error] [exception.CHttpException.404] exception 'CHttpException' with message 'Невозможно обработать запрос "favicon.ico".' in /home/nxa/www/total-invest/framework/web/CWebApplication.php:280
Stack trace:
#0 /home/nxa/www/total-invest/framework/web/CWebApplication.php(135): CWebApplication->runController('favicon.ico')
#1 /home/nxa/www/total-invest/framework/base/CApplication.php(162): CWebApplication->processRequest()
#2 /home/nxa/www/total-invest/public_html/index.php(13): CApplication->run()
#3 {main}
REQUEST_URI=/favicon.ico
---
2012/01/25 21:36:05 [error] [exception.CHttpException.404] exception 'CHttpException' with message 'Невозможно обработать запрос "favicon.ico".' in /home/nxa/www/total-invest/framework/web/CWebApplication.php:280
Stack trace:
#0 /home/nxa/www/total-invest/framework/web/CWebApplication.php(135): CWebApplication->runController('favicon.ico')
#1 /home/nxa/www/total-invest/framework/base/CApplication.php(162): CWebApplication->processRequest()
#2 /home/nxa/www/total-invest/public_html/index.php(13): CApplication->run()
#3 {main}
REQUEST_URI=/favicon.ico
---
2012/01/25 21:36:06 [error] [exception.CHttpException.404] exception 'CHttpException' with message 'Невозможно обработать запрос "favicon.ico".' in /home/nxa/www/total-invest/framework/web/CWebApplication.php:280
Stack trace:
#0 /home/nxa/www/total-invest/framework/web/CWebApplication.php(135): CWebApplication->runController('favicon.ico')
#1 /home/nxa/www/total-invest/framework/base/CApplication.php(162): CWebApplication->processRequest()
#2 /home/nxa/www/total-invest/public_html/index.php(13): CApplication->run()
#3 {main}
REQUEST_URI=/favicon.ico
---
2012/01/25 21:36:07 [error] [exception.CHttpException.404] exception 'CHttpException' with message 'Невозможно обработать запрос "favicon.ico".' in /home/nxa/www/total-invest/framework/web/CWebApplication.php:280
Stack trace:
#0 /home/nxa/www/total-invest/framework/web/CWebApplication.php(135): CWebApplication->runController('favicon.ico')
#1 /home/nxa/www/total-invest/framework/base/CApplication.php(162): CWebApplication->processRequest()
#2 /home/nxa/www/total-invest/public_html/index.php(13): CApplication->run()
#3 {main}
REQUEST_URI=/favicon.ico
---
2012/01/25 21:53:04 [error] [exception.CHttpException.404] exception 'CHttpException' with message 'Невозможно обработать запрос "favicon.ico".' in /home/nxa/www/total-invest/framework/web/CWebApplication.php:280
Stack trace:
#0 /home/nxa/www/total-invest/framework/web/CWebApplication.php(135): CWebApplication->runController('favicon.ico')
#1 /home/nxa/www/total-invest/framework/base/CApplication.php(162): CWebApplication->processRequest()
#2 /home/nxa/www/total-invest/public_html/index.php(13): CApplication->run()
#3 {main}
REQUEST_URI=/favicon.ico
---
2012/01/25 21:53:05 [error] [exception.CHttpException.404] exception 'CHttpException' with message 'Невозможно обработать запрос "favicon.ico".' in /home/nxa/www/total-invest/framework/web/CWebApplication.php:280
Stack trace:
#0 /home/nxa/www/total-invest/framework/web/CWebApplication.php(135): CWebApplication->runController('favicon.ico')
#1 /home/nxa/www/total-invest/framework/base/CApplication.php(162): CWebApplication->processRequest()
#2 /home/nxa/www/total-invest/public_html/index.php(13): CApplication->run()
#3 {main}
REQUEST_URI=/favicon.ico
---
2012/01/25 21:53:06 [error] [exception.CHttpException.404] exception 'CHttpException' with message 'Невозможно обработать запрос "favicon.ico".' in /home/nxa/www/total-invest/framework/web/CWebApplication.php:280
Stack trace:
#0 /home/nxa/www/total-invest/framework/web/CWebApplication.php(135): CWebApplication->runController('favicon.ico')
#1 /home/nxa/www/total-invest/framework/base/CApplication.php(162): CWebApplication->processRequest()
#2 /home/nxa/www/total-invest/public_html/index.php(13): CApplication->run()
#3 {main}
REQUEST_URI=/favicon.ico
---
2012/01/25 21:53:07 [error] [exception.CHttpException.404] exception 'CHttpException' with message 'Невозможно обработать запрос "favicon.ico".' in /home/nxa/www/total-invest/framework/web/CWebApplication.php:280
Stack trace:
#0 /home/nxa/www/total-invest/framework/web/CWebApplication.php(135): CWebApplication->runController('favicon.ico')
#1 /home/nxa/www/total-invest/framework/base/CApplication.php(162): CWebApplication->processRequest()
#2 /home/nxa/www/total-invest/public_html/index.php(13): CApplication->run()
#3 {main}
REQUEST_URI=/favicon.ico
---
2012/01/25 21:53:09 [error] [exception.CHttpException.404] exception 'CHttpException' with message 'Невозможно обработать запрос "favicon.ico".' in /home/nxa/www/total-invest/framework/web/CWebApplication.php:280
Stack trace:
#0 /home/nxa/www/total-invest/framework/web/CWebApplication.php(135): CWebApplication->runController('favicon.ico')
#1 /home/nxa/www/total-invest/framework/base/CApplication.php(162): CWebApplication->processRequest()
#2 /home/nxa/www/total-invest/public_html/index.php(13): CApplication->run()
#3 {main}
REQUEST_URI=/favicon.ico
---
2012/01/25 21:53:28 [error] [exception.CHttpException.404] exception 'CHttpException' with message 'Невозможно обработать запрос "favicon.ico".' in /home/nxa/www/total-invest/framework/web/CWebApplication.php:280
Stack trace:
#0 /home/nxa/www/total-invest/framework/web/CWebApplication.php(135): CWebApplication->runController('favicon.ico')
#1 /home/nxa/www/total-invest/framework/base/CApplication.php(162): CWebApplication->processRequest()
#2 /home/nxa/www/total-invest/public_html/index.php(13): CApplication->run()
#3 {main}
REQUEST_URI=/favicon.ico
---
2012/01/25 21:53:31 [error] [exception.CHttpException.404] exception 'CHttpException' with message 'Невозможно обработать запрос "favicon.ico".' in /home/nxa/www/total-invest/framework/web/CWebApplication.php:280
Stack trace:
#0 /home/nxa/www/total-invest/framework/web/CWebApplication.php(135): CWebApplication->runController('favicon.ico')
#1 /home/nxa/www/total-invest/framework/base/CApplication.php(162): CWebApplication->processRequest()
#2 /home/nxa/www/total-invest/public_html/index.php(13): CApplication->run()
#3 {main}
REQUEST_URI=/favicon.ico
---
2012/01/25 21:53:43 [error] [exception.CHttpException.404] exception 'CHttpException' with message 'Невозможно обработать запрос "favicon.ico".' in /home/nxa/www/total-invest/framework/web/CWebApplication.php:280
Stack trace:
#0 /home/nxa/www/total-invest/framework/web/CWebApplication.php(135): CWebApplication->runController('favicon.ico')
#1 /home/nxa/www/total-invest/framework/base/CApplication.php(162): CWebApplication->processRequest()
#2 /home/nxa/www/total-invest/public_html/index.php(13): CApplication->run()
#3 {main}
REQUEST_URI=/favicon.ico
---
2012/01/25 21:53:48 [error] [exception.CHttpException.404] exception 'CHttpException' with message 'Невозможно обработать запрос "favicon.ico".' in /home/nxa/www/total-invest/framework/web/CWebApplication.php:280
Stack trace:
#0 /home/nxa/www/total-invest/framework/web/CWebApplication.php(135): CWebApplication->runController('favicon.ico')
#1 /home/nxa/www/total-invest/framework/base/CApplication.php(162): CWebApplication->processRequest()
#2 /home/nxa/www/total-invest/public_html/index.php(13): CApplication->run()
#3 {main}
REQUEST_URI=/favicon.ico
---
2012/01/25 21:53:59 [error] [exception.CHttpException.404] exception 'CHttpException' with message 'Невозможно обработать запрос "favicon.ico".' in /home/nxa/www/total-invest/framework/web/CWebApplication.php:280
Stack trace:
#0 /home/nxa/www/total-invest/framework/web/CWebApplication.php(135): CWebApplication->runController('favicon.ico')
#1 /home/nxa/www/total-invest/framework/base/CApplication.php(162): CWebApplication->processRequest()
#2 /home/nxa/www/total-invest/public_html/index.php(13): CApplication->run()
#3 {main}
REQUEST_URI=/favicon.ico
---
2012/01/25 21:54:05 [error] [exception.CHttpException.404] exception 'CHttpException' with message 'Невозможно обработать запрос "favicon.ico".' in /home/nxa/www/total-invest/framework/web/CWebApplication.php:280
Stack trace:
#0 /home/nxa/www/total-invest/framework/web/CWebApplication.php(135): CWebApplication->runController('favicon.ico')
#1 /home/nxa/www/total-invest/framework/base/CApplication.php(162): CWebApplication->processRequest()
#2 /home/nxa/www/total-invest/public_html/index.php(13): CApplication->run()
#3 {main}
REQUEST_URI=/favicon.ico
---
2012/01/25 21:55:41 [error] [exception.CHttpException.404] exception 'CHttpException' with message 'Невозможно обработать запрос "favicon.ico".' in /home/nxa/www/total-invest/framework/web/CWebApplication.php:280
Stack trace:
#0 /home/nxa/www/total-invest/framework/web/CWebApplication.php(135): CWebApplication->runController('favicon.ico')
#1 /home/nxa/www/total-invest/framework/base/CApplication.php(162): CWebApplication->processRequest()
#2 /home/nxa/www/total-invest/public_html/index.php(13): CApplication->run()
#3 {main}
REQUEST_URI=/favicon.ico
---
2012/01/25 21:56:53 [error] [exception.CHttpException.404] exception 'CHttpException' with message 'Невозможно обработать запрос "favicon.ico".' in /home/nxa/www/total-invest/framework/web/CWebApplication.php:280
Stack trace:
#0 /home/nxa/www/total-invest/framework/web/CWebApplication.php(135): CWebApplication->runController('favicon.ico')
#1 /home/nxa/www/total-invest/framework/base/CApplication.php(162): CWebApplication->processRequest()
#2 /home/nxa/www/total-invest/public_html/index.php(13): CApplication->run()
#3 {main}
REQUEST_URI=/favicon.ico
---
2012/01/25 21:56:55 [error] [exception.CHttpException.404] exception 'CHttpException' with message 'Невозможно обработать запрос "favicon.ico".' in /home/nxa/www/total-invest/framework/web/CWebApplication.php:280
Stack trace:
#0 /home/nxa/www/total-invest/framework/web/CWebApplication.php(135): CWebApplication->runController('favicon.ico')
#1 /home/nxa/www/total-invest/framework/base/CApplication.php(162): CWebApplication->processRequest()
#2 /home/nxa/www/total-invest/public_html/index.php(13): CApplication->run()
#3 {main}
REQUEST_URI=/favicon.ico
---
2012/01/25 21:56:56 [error] [exception.CHttpException.404] exception 'CHttpException' with message 'Невозможно обработать запрос "favicon.ico".' in /home/nxa/www/total-invest/framework/web/CWebApplication.php:280
Stack trace:
#0 /home/nxa/www/total-invest/framework/web/CWebApplication.php(135): CWebApplication->runController('favicon.ico')
#1 /home/nxa/www/total-invest/framework/base/CApplication.php(162): CWebApplication->processRequest()
#2 /home/nxa/www/total-invest/public_html/index.php(13): CApplication->run()
#3 {main}
REQUEST_URI=/favicon.ico
---
2012/01/25 21:56:58 [error] [exception.CHttpException.404] exception 'CHttpException' with message 'Невозможно обработать запрос "favicon.ico".' in /home/nxa/www/total-invest/framework/web/CWebApplication.php:280
Stack trace:
#0 /home/nxa/www/total-invest/framework/web/CWebApplication.php(135): CWebApplication->runController('favicon.ico')
#1 /home/nxa/www/total-invest/framework/base/CApplication.php(162): CWebApplication->processRequest()
#2 /home/nxa/www/total-invest/public_html/index.php(13): CApplication->run()
#3 {main}
REQUEST_URI=/favicon.ico
---
2012/01/25 21:57:01 [error] [exception.CHttpException.404] exception 'CHttpException' with message 'Невозможно обработать запрос "favicon.ico".' in /home/nxa/www/total-invest/framework/web/CWebApplication.php:280
Stack trace:
#0 /home/nxa/www/total-invest/framework/web/CWebApplication.php(135): CWebApplication->runController('favicon.ico')
#1 /home/nxa/www/total-invest/framework/base/CApplication.php(162): CWebApplication->processRequest()
#2 /home/nxa/www/total-invest/public_html/index.php(13): CApplication->run()
#3 {main}
REQUEST_URI=/favicon.ico
---
2012/01/25 21:57:03 [error] [exception.CHttpException.404] exception 'CHttpException' with message 'Невозможно обработать запрос "favicon.ico".' in /home/nxa/www/total-invest/framework/web/CWebApplication.php:280
Stack trace:
#0 /home/nxa/www/total-invest/framework/web/CWebApplication.php(135): CWebApplication->runController('favicon.ico')
#1 /home/nxa/www/total-invest/framework/base/CApplication.php(162): CWebApplication->processRequest()
#2 /home/nxa/www/total-invest/public_html/index.php(13): CApplication->run()
#3 {main}
REQUEST_URI=/favicon.ico
---
2012/01/25 21:57:12 [error] [exception.CHttpException.404] exception 'CHttpException' with message 'Невозможно обработать запрос "favicon.ico".' in /home/nxa/www/total-invest/framework/web/CWebApplication.php:280
Stack trace:
#0 /home/nxa/www/total-invest/framework/web/CWebApplication.php(135): CWebApplication->runController('favicon.ico')
#1 /home/nxa/www/total-invest/framework/base/CApplication.php(162): CWebApplication->processRequest()
#2 /home/nxa/www/total-invest/public_html/index.php(13): CApplication->run()
#3 {main}
REQUEST_URI=/favicon.ico
---
2012/01/25 22:00:46 [error] [exception.CException] exception 'CException' with message 'Псевдоним "application.components.SWebUser" неверен. Убедитесь, что он указывает на существующий PHP файл.' in /home/nxa/www/total-invest/framework/YiiBase.php:318
Stack trace:
#0 /home/nxa/www/total-invest/framework/YiiBase.php(198): YiiBase::import('application.com...', true)
#1 /home/nxa/www/total-invest/framework/base/CModule.php(387): YiiBase::createComponent(Array)
#2 /home/nxa/www/total-invest/framework/base/CModule.php(104): CModule->getComponent('user')
#3 /home/nxa/www/total-invest/public_html/themes/eis/views/layouts/main.php(20): CModule->__get('user')
#4 /home/nxa/www/total-invest/framework/web/CBaseController.php(127): require('/home/nxa/www/t...')
#5 /home/nxa/www/total-invest/framework/web/CBaseController.php(96): CBaseController->renderInternal('/home/nxa/www/t...', Array, true)
#6 /home/nxa/www/total-invest/framework/web/widgets/CContentDecorator.php(77): CBaseController->renderFile('/home/nxa/www/t...', Array, true)
#7 /home/nxa/www/total-invest/framework/web/widgets/CContentDecorator.php(55): CContentDecorator->decorate('<div id="conten...')
#8 /home/nxa/www/total-invest/framework/web/widgets/COutputProcessor.php(45): CContentDecorator->processOutput('<div id="conten...')
#9 /home/nxa/www/total-invest/framework/web/CBaseController.php(207): COutputProcessor->run()
#10 /home/nxa/www/total-invest/framework/web/CBaseController.php(301): CBaseController->endWidget('CContentDecorat...')
#11 /home/nxa/www/total-invest/public_html/themes/eis/views/layouts/column1.php(5): CBaseController->endContent()
#12 /home/nxa/www/total-invest/framework/web/CBaseController.php(127): require('/home/nxa/www/t...')
#13 /home/nxa/www/total-invest/framework/web/CBaseController.php(96): CBaseController->renderInternal('/home/nxa/www/t...', Array, true)
#14 /home/nxa/www/total-invest/framework/web/CController.php(785): CBaseController->renderFile('/home/nxa/www/t...', Array, true)
#15 /home/nxa/www/total-invest/framework/web/actions/CViewAction.php(141): CController->render('pages/about')
#16 /home/nxa/www/total-invest/framework/web/actions/CAction.php(75): CViewAction->run()
#17 /home/nxa/www/total-invest/framework/web/CController.php(309): CAction->runWithParams(Array)
#18 /home/nxa/www/total-invest/framework/web/CController.php(287): CController->runAction(Object(CViewAction))
#19 /home/nxa/www/total-invest/framework/web/CController.php(266): CController->runActionWithFilters(Object(CViewAction), Array)
#20 /home/nxa/www/total-invest/framework/web/CWebApplication.php(276): CController->run('page')
#21 /home/nxa/www/total-invest/framework/web/CWebApplication.php(135): CWebApplication->runController('site/page')
#22 /home/nxa/www/total-invest/framework/base/CApplication.php(162): CWebApplication->processRequest()
#23 /home/nxa/www/total-invest/public_html/index.php(13): CApplication->run()
#24 {main}
REQUEST_URI=/site/page?view=about
HTTP_REFERER=http://total-invest.test/
---
2012/01/25 22:00:47 [error] [exception.CHttpException.404] exception 'CHttpException' with message 'Невозможно обработать запрос "favicon.ico".' in /home/nxa/www/total-invest/framework/web/CWebApplication.php:280
Stack trace:
#0 /home/nxa/www/total-invest/framework/web/CWebApplication.php(135): CWebApplication->runController('favicon.ico')
#1 /home/nxa/www/total-invest/framework/base/CApplication.php(162): CWebApplication->processRequest()
#2 /home/nxa/www/total-invest/public_html/index.php(13): CApplication->run()
#3 {main}
REQUEST_URI=/favicon.ico
---
2012/01/25 22:01:09 [error] [exception.CHttpException.404] exception 'CHttpException' with message 'Невозможно обработать запрос "favicon.ico".' in /home/nxa/www/total-invest/framework/web/CWebApplication.php:280
Stack trace:
#0 /home/nxa/www/total-invest/framework/web/CWebApplication.php(135): CWebApplication->runController('favicon.ico')
#1 /home/nxa/www/total-invest/framework/base/CApplication.php(162): CWebApplication->processRequest()
#2 /home/nxa/www/total-invest/public_html/index.php(13): CApplication->run()
#3 {main}
REQUEST_URI=/favicon.ico
---
2012/01/25 22:01:10 [error] [exception.CHttpException.404] exception 'CHttpException' with message 'Невозможно обработать запрос "favicon.ico".' in /home/nxa/www/total-invest/framework/web/CWebApplication.php:280
Stack trace:
#0 /home/nxa/www/total-invest/framework/web/CWebApplication.php(135): CWebApplication->runController('favicon.ico')
#1 /home/nxa/www/total-invest/framework/base/CApplication.php(162): CWebApplication->processRequest()
#2 /home/nxa/www/total-invest/public_html/index.php(13): CApplication->run()
#3 {main}
REQUEST_URI=/favicon.ico
---
2012/01/25 22:01:11 [error] [exception.CHttpException.404] exception 'CHttpException' with message 'Невозможно обработать запрос "favicon.ico".' in /home/nxa/www/total-invest/framework/web/CWebApplication.php:280
Stack trace:
#0 /home/nxa/www/total-invest/framework/web/CWebApplication.php(135): CWebApplication->runController('favicon.ico')
#1 /home/nxa/www/total-invest/framework/base/CApplication.php(162): CWebApplication->processRequest()
#2 /home/nxa/www/total-invest/public_html/index.php(13): CApplication->run()
#3 {main}
REQUEST_URI=/favicon.ico
---
2012/01/25 22:01:12 [error] [exception.CHttpException.404] exception 'CHttpException' with message 'Невозможно обработать запрос "favicon.ico".' in /home/nxa/www/total-invest/framework/web/CWebApplication.php:280
Stack trace:
#0 /home/nxa/www/total-invest/framework/web/CWebApplication.php(135): CWebApplication->runController('favicon.ico')
#1 /home/nxa/www/total-invest/framework/base/CApplication.php(162): CWebApplication->processRequest()
#2 /home/nxa/www/total-invest/public_html/index.php(13): CApplication->run()
#3 {main}
REQUEST_URI=/favicon.ico
---
2012/01/25 22:01:17 [error] [exception.CException] exception 'CException' with message 'Не определено свойство "UserIdentity.model".' in /home/nxa/www/total-invest/framework/base/CComponent.php:131
Stack trace:
#0 /home/nxa/www/total-invest/public_html/protected/components/SWebUser.php(8): CComponent->__get('model')
#1 /home/nxa/www/total-invest/public_html/protected/models/LoginForm.php(71): SWebUser->login(Object(UserIdentity), 0)
#2 /home/nxa/www/total-invest/public_html/protected/controllers/SiteController.php(88): LoginForm->login()
#3 /home/nxa/www/total-invest/framework/web/actions/CInlineAction.php(50): SiteController->actionLogin()
#4 /home/nxa/www/total-invest/framework/web/CController.php(309): CInlineAction->runWithParams(Array)
#5 /home/nxa/www/total-invest/framework/web/CController.php(287): CController->runAction(Object(CInlineAction))
#6 /home/nxa/www/total-invest/framework/web/CController.php(266): CController->runActionWithFilters(Object(CInlineAction), Array)
#7 /home/nxa/www/total-invest/framework/web/CWebApplication.php(276): CController->run('login')
#8 /home/nxa/www/total-invest/framework/web/CWebApplication.php(135): CWebApplication->runController('site/login')
#9 /home/nxa/www/total-invest/framework/base/CApplication.php(162): CWebApplication->processRequest()
#10 /home/nxa/www/total-invest/public_html/index.php(13): CApplication->run()
#11 {main}
REQUEST_URI=/site/login
HTTP_REFERER=http://total-invest.test/site/login
---
2012/01/25 22:01:17 [error] [exception.CHttpException.404] exception 'CHttpException' with message 'Невозможно обработать запрос "favicon.ico".' in /home/nxa/www/total-invest/framework/web/CWebApplication.php:280
Stack trace:
#0 /home/nxa/www/total-invest/framework/web/CWebApplication.php(135): CWebApplication->runController('favicon.ico')
#1 /home/nxa/www/total-invest/framework/base/CApplication.php(162): CWebApplication->processRequest()
#2 /home/nxa/www/total-invest/public_html/index.php(13): CApplication->run()
#3 {main}
REQUEST_URI=/favicon.ico
---
2012/01/25 22:02:43 [error] [exception.CException] exception 'CException' with message 'Не определено свойство "UserIdentity.model".' in /home/nxa/www/total-invest/framework/base/CComponent.php:131
Stack trace:
#0 /home/nxa/www/total-invest/public_html/protected/components/SWebUser.php(8): CComponent->__get('model')
#1 /home/nxa/www/total-invest/public_html/protected/models/LoginForm.php(71): SWebUser->login(Object(UserIdentity), 0)
#2 /home/nxa/www/total-invest/public_html/protected/controllers/SiteController.php(88): LoginForm->login()
#3 /home/nxa/www/total-invest/framework/web/actions/CInlineAction.php(50): SiteController->actionLogin()
#4 /home/nxa/www/total-invest/framework/web/CController.php(309): CInlineAction->runWithParams(Array)
#5 /home/nxa/www/total-invest/framework/web/CController.php(287): CController->runAction(Object(CInlineAction))
#6 /home/nxa/www/total-invest/framework/web/CController.php(266): CController->runActionWithFilters(Object(CInlineAction), Array)
#7 /home/nxa/www/total-invest/framework/web/CWebApplication.php(276): CController->run('login')
#8 /home/nxa/www/total-invest/framework/web/CWebApplication.php(135): CWebApplication->runController('site/login')
#9 /home/nxa/www/total-invest/framework/base/CApplication.php(162): CWebApplication->processRequest()
#10 /home/nxa/www/total-invest/public_html/index.php(13): CApplication->run()
#11 {main}
REQUEST_URI=/site/login
HTTP_REFERER=http://total-invest.test/site/login
---
2012/01/25 22:02:43 [error] [exception.CHttpException.404] exception 'CHttpException' with message 'Невозможно обработать запрос "favicon.ico".' in /home/nxa/www/total-invest/framework/web/CWebApplication.php:280
Stack trace:
#0 /home/nxa/www/total-invest/framework/web/CWebApplication.php(135): CWebApplication->runController('favicon.ico')
#1 /home/nxa/www/total-invest/framework/base/CApplication.php(162): CWebApplication->processRequest()
#2 /home/nxa/www/total-invest/public_html/index.php(13): CApplication->run()
#3 {main}
REQUEST_URI=/favicon.ico
---
2012/01/25 22:03:29 [error] [exception.CDbException] exception 'CDbException' with message 'Таблица "members" не содержит столбца "username".' in /home/nxa/www/total-invest/framework/db/schema/CDbCommandBuilder.php:570
Stack trace:
#0 /home/nxa/www/total-invest/framework/db/ar/CActiveRecord.php(1454): CDbCommandBuilder->createColumnCriteria(Object(CMysqlTableSchema), Array, '', Array, '`t`.')
#1 /home/nxa/www/total-invest/public_html/protected/components/SUserIdentity.php(13): CActiveRecord->findByAttributes(Array)
#2 /home/nxa/www/total-invest/public_html/protected/models/LoginForm.php(52): SUserIdentity->authenticate()
#3 /home/nxa/www/total-invest/framework/validators/CInlineValidator.php(43): LoginForm->authenticate('password', Array)
#4 /home/nxa/www/total-invest/framework/validators/CValidator.php(197): CInlineValidator->validateAttribute(Object(LoginForm), 'password')
#5 /home/nxa/www/total-invest/framework/base/CModel.php(158): CValidator->validate(Object(LoginForm), NULL)
#6 /home/nxa/www/total-invest/public_html/protected/controllers/SiteController.php(88): CModel->validate()
#7 /home/nxa/www/total-invest/framework/web/actions/CInlineAction.php(50): SiteController->actionLogin()
#8 /home/nxa/www/total-invest/framework/web/CController.php(309): CInlineAction->runWithParams(Array)
#9 /home/nxa/www/total-invest/framework/web/CController.php(287): CController->runAction(Object(CInlineAction))
#10 /home/nxa/www/total-invest/framework/web/CController.php(266): CController->runActionWithFilters(Object(CInlineAction), Array)
#11 /home/nxa/www/total-invest/framework/web/CWebApplication.php(276): CController->run('login')
#12 /home/nxa/www/total-invest/framework/web/CWebApplication.php(135): CWebApplication->runController('site/login')
#13 /home/nxa/www/total-invest/framework/base/CApplication.php(162): CWebApplication->processRequest()
#14 /home/nxa/www/total-invest/public_html/index.php(13): CApplication->run()
#15 {main}
REQUEST_URI=/site/login
HTTP_REFERER=http://total-invest.test/site/login
---
2012/01/25 22:03:29 [error] [exception.CHttpException.404] exception 'CHttpException' with message 'Невозможно обработать запрос "favicon.ico".' in /home/nxa/www/total-invest/framework/web/CWebApplication.php:280
Stack trace:
#0 /home/nxa/www/total-invest/framework/web/CWebApplication.php(135): CWebApplication->runController('favicon.ico')
#1 /home/nxa/www/total-invest/framework/base/CApplication.php(162): CWebApplication->processRequest()
#2 /home/nxa/www/total-invest/public_html/index.php(13): CApplication->run()
#3 {main}
REQUEST_URI=/favicon.ico
---
2012/01/25 22:04:19 [error] [exception.CException] exception 'CException' with message 'Не определено свойство "Member.isBanned".' in /home/nxa/www/total-invest/framework/base/CComponent.php:131
Stack trace:
#0 /home/nxa/www/total-invest/framework/db/ar/CActiveRecord.php(144): CComponent->__get('isBanned')
#1 /home/nxa/www/total-invest/public_html/protected/components/SUserIdentity.php(17): CActiveRecord->__get('isBanned')
#2 /home/nxa/www/total-invest/public_html/protected/models/LoginForm.php(52): SUserIdentity->authenticate()
#3 /home/nxa/www/total-invest/framework/validators/CInlineValidator.php(43): LoginForm->authenticate('password', Array)
#4 /home/nxa/www/total-invest/framework/validators/CValidator.php(197): CInlineValidator->validateAttribute(Object(LoginForm), 'password')
#5 /home/nxa/www/total-invest/framework/base/CModel.php(158): CValidator->validate(Object(LoginForm), NULL)
#6 /home/nxa/www/total-invest/public_html/protected/controllers/SiteController.php(88): CModel->validate()
#7 /home/nxa/www/total-invest/framework/web/actions/CInlineAction.php(50): SiteController->actionLogin()
#8 /home/nxa/www/total-invest/framework/web/CController.php(309): CInlineAction->runWithParams(Array)
#9 /home/nxa/www/total-invest/framework/web/CController.php(287): CController->runAction(Object(CInlineAction))
#10 /home/nxa/www/total-invest/framework/web/CController.php(266): CController->runActionWithFilters(Object(CInlineAction), Array)
#11 /home/nxa/www/total-invest/framework/web/CWebApplication.php(276): CController->run('login')
#12 /home/nxa/www/total-invest/framework/web/CWebApplication.php(135): CWebApplication->runController('site/login')
#13 /home/nxa/www/total-invest/framework/base/CApplication.php(162): CWebApplication->processRequest()
#14 /home/nxa/www/total-invest/public_html/index.php(13): CApplication->run()
#15 {main}
REQUEST_URI=/site/login
HTTP_REFERER=http://total-invest.test/site/login
---
2012/01/25 22:04:19 [error] [exception.CHttpException.404] exception 'CHttpException' with message 'Невозможно обработать запрос "favicon.ico".' in /home/nxa/www/total-invest/framework/web/CWebApplication.php:280
Stack trace:
#0 /home/nxa/www/total-invest/framework/web/CWebApplication.php(135): CWebApplication->runController('favicon.ico')
#1 /home/nxa/www/total-invest/framework/base/CApplication.php(162): CWebApplication->processRequest()
#2 /home/nxa/www/total-invest/public_html/index.php(13): CApplication->run()
#3 {main}
REQUEST_URI=/favicon.ico
---
2012/01/25 22:08:28 [error] [exception.CHttpException.404] exception 'CHttpException' with message 'Невозможно обработать запрос "favicon.ico".' in /home/nxa/www/total-invest/framework/web/CWebApplication.php:280
Stack trace:
#0 /home/nxa/www/total-invest/framework/web/CWebApplication.php(135): CWebApplication->runController('favicon.ico')
#1 /home/nxa/www/total-invest/framework/base/CApplication.php(162): CWebApplication->processRequest()
#2 /home/nxa/www/total-invest/public_html/index.php(13): CApplication->run()
#3 {main}
REQUEST_URI=/favicon.ico
---
2012/01/25 22:08:41 [error] [exception.CHttpException.404] exception 'CHttpException' with message 'Невозможно обработать запрос "favicon.ico".' in /home/nxa/www/total-invest/framework/web/CWebApplication.php:280
Stack trace:
#0 /home/nxa/www/total-invest/framework/web/CWebApplication.php(135): CWebApplication->runController('favicon.ico')
#1 /home/nxa/www/total-invest/framework/base/CApplication.php(162): CWebApplication->processRequest()
#2 /home/nxa/www/total-invest/public_html/index.php(13): CApplication->run()
#3 {main}
REQUEST_URI=/favicon.ico
---
2012/01/25 22:10:07 [error] [php] include(UserIdentity.php) [<a href='function.include'>function.include</a>]: failed to open stream: No such file or directory (/home/nxa/www/total-invest/framework/YiiBase.php:418)
Stack trace:
#0 /home/nxa/www/total-invest/public_html/protected/models/LoginForm.php(68): spl_autoload_call()
#1 /home/nxa/www/total-invest/public_html/protected/controllers/SiteController.php(88): LoginForm->login()
#2 /home/nxa/www/total-invest/framework/web/actions/CInlineAction.php(50): SiteController->actionLogin()
#3 /home/nxa/www/total-invest/framework/web/CController.php(309): CInlineAction->runWithParams()
#4 /home/nxa/www/total-invest/framework/web/CController.php(287): SiteController->runAction()
#5 /home/nxa/www/total-invest/framework/web/CController.php(266): SiteController->runActionWithFilters()
#6 /home/nxa/www/total-invest/framework/web/CWebApplication.php(276): SiteController->run()
#7 /home/nxa/www/total-invest/framework/web/CWebApplication.php(135): CWebApplication->runController()
#8 /home/nxa/www/total-invest/framework/base/CApplication.php(162): CWebApplication->processRequest()
#9 /home/nxa/www/total-invest/public_html/index.php(13): CWebApplication->run()
REQUEST_URI=/site/login
in /home/nxa/www/total-invest/public_html/protected/models/LoginForm.php (68)
in /home/nxa/www/total-invest/public_html/protected/controllers/SiteController.php (88)
in /home/nxa/www/total-invest/public_html/index.php (13)
2012/01/25 22:10:08 [error] [exception.CHttpException.404] exception 'CHttpException' with message 'Невозможно обработать запрос "favicon.ico".' in /home/nxa/www/total-invest/framework/web/CWebApplication.php:280
Stack trace:
#0 /home/nxa/www/total-invest/framework/web/CWebApplication.php(135): CWebApplication->runController('favicon.ico')
#1 /home/nxa/www/total-invest/framework/base/CApplication.php(162): CWebApplication->processRequest()
#2 /home/nxa/www/total-invest/public_html/index.php(13): CApplication->run()
#3 {main}
REQUEST_URI=/favicon.ico
---
2012/01/25 22:10:43 [error] [exception.CHttpException.404] exception 'CHttpException' with message 'Невозможно обработать запрос "favicon.ico".' in /home/nxa/www/total-invest/framework/web/CWebApplication.php:280
Stack trace:
#0 /home/nxa/www/total-invest/framework/web/CWebApplication.php(135): CWebApplication->runController('favicon.ico')
#1 /home/nxa/www/total-invest/framework/base/CApplication.php(162): CWebApplication->processRequest()
#2 /home/nxa/www/total-invest/public_html/index.php(13): CApplication->run()
#3 {main}
REQUEST_URI=/favicon.ico
---
2012/01/25 22:10:52 [error] [exception.CHttpException.404] exception 'CHttpException' with message 'Невозможно обработать запрос "favicon.ico".' in /home/nxa/www/total-invest/framework/web/CWebApplication.php:280
Stack trace:
#0 /home/nxa/www/total-invest/framework/web/CWebApplication.php(135): CWebApplication->runController('favicon.ico')
#1 /home/nxa/www/total-invest/framework/base/CApplication.php(162): CWebApplication->processRequest()
#2 /home/nxa/www/total-invest/public_html/index.php(13): CApplication->run()
#3 {main}
REQUEST_URI=/favicon.ico
---
2012/01/25 22:10:54 [error] [exception.CHttpException.404] exception 'CHttpException' with message 'Невозможно обработать запрос "favicon.ico".' in /home/nxa/www/total-invest/framework/web/CWebApplication.php:280
Stack trace:
#0 /home/nxa/www/total-invest/framework/web/CWebApplication.php(135): CWebApplication->runController('favicon.ico')
#1 /home/nxa/www/total-invest/framework/base/CApplication.php(162): CWebApplication->processRequest()
#2 /home/nxa/www/total-invest/public_html/index.php(13): CApplication->run()
#3 {main}
REQUEST_URI=/favicon.ico
---
2012/01/25 22:12:35 [error] [exception.CHttpException.404] exception 'CHttpException' with message 'Невозможно обработать запрос "favicon.ico".' in /home/nxa/www/total-invest/framework/web/CWebApplication.php:280
Stack trace:
#0 /home/nxa/www/total-invest/framework/web/CWebApplication.php(135): CWebApplication->runController('favicon.ico')
#1 /home/nxa/www/total-invest/framework/base/CApplication.php(162): CWebApplication->processRequest()
#2 /home/nxa/www/total-invest/public_html/index.php(13): CApplication->run()
#3 {main}
REQUEST_URI=/favicon.ico
---
2012/01/25 22:12:39 [error] [exception.CHttpException.404] exception 'CHttpException' with message 'Невозможно обработать запрос "favicon.ico".' in /home/nxa/www/total-invest/framework/web/CWebApplication.php:280
Stack trace:
#0 /home/nxa/www/total-invest/framework/web/CWebApplication.php(135): CWebApplication->runController('favicon.ico')
#1 /home/nxa/www/total-invest/framework/base/CApplication.php(162): CWebApplication->processRequest()
#2 /home/nxa/www/total-invest/public_html/index.php(13): CApplication->run()
#3 {main}
REQUEST_URI=/favicon.ico
---
2012/01/25 22:12:40 [error] [exception.CHttpException.404] exception 'CHttpException' with message 'Невозможно обработать запрос "favicon.ico".' in /home/nxa/www/total-invest/framework/web/CWebApplication.php:280
Stack trace:
#0 /home/nxa/www/total-invest/framework/web/CWebApplication.php(135): CWebApplication->runController('favicon.ico')
#1 /home/nxa/www/total-invest/framework/base/CApplication.php(162): CWebApplication->processRequest()
#2 /home/nxa/www/total-invest/public_html/index.php(13): CApplication->run()
#3 {main}
REQUEST_URI=/favicon.ico
---
2012/01/25 22:12:44 [error] [exception.CHttpException.404] exception 'CHttpException' with message 'Невозможно обработать запрос "favicon.ico".' in /home/nxa/www/total-invest/framework/web/CWebApplication.php:280
Stack trace:
#0 /home/nxa/www/total-invest/framework/web/CWebApplication.php(135): CWebApplication->runController('favicon.ico')
#1 /home/nxa/www/total-invest/framework/base/CApplication.php(162): CWebApplication->processRequest()
#2 /home/nxa/www/total-invest/public_html/index.php(13): CApplication->run()
#3 {main}
REQUEST_URI=/favicon.ico
---
2012/01/25 22:12:47 [error] [exception.CHttpException.404] exception 'CHttpException' with message 'Невозможно обработать запрос "favicon.ico".' in /home/nxa/www/total-invest/framework/web/CWebApplication.php:280
Stack trace:
#0 /home/nxa/www/total-invest/framework/web/CWebApplication.php(135): CWebApplication->runController('favicon.ico')
#1 /home/nxa/www/total-invest/framework/base/CApplication.php(162): CWebApplication->processRequest()
#2 /home/nxa/www/total-invest/public_html/index.php(13): CApplication->run()
#3 {main}
REQUEST_URI=/favicon.ico
---
2012/01/25 22:13:14 [error] [exception.CHttpException.404] exception 'CHttpException' with message 'Невозможно обработать запрос "favicon.ico".' in /home/nxa/www/total-invest/framework/web/CWebApplication.php:280
Stack trace:
#0 /home/nxa/www/total-invest/framework/web/CWebApplication.php(135): CWebApplication->runController('favicon.ico')
#1 /home/nxa/www/total-invest/framework/base/CApplication.php(162): CWebApplication->processRequest()
#2 /home/nxa/www/total-invest/public_html/index.php(13): CApplication->run()
#3 {main}
REQUEST_URI=/favicon.ico
---
2012/01/25 22:13:19 [error] [exception.CHttpException.404] exception 'CHttpException' with message 'Невозможно обработать запрос "favicon.ico".' in /home/nxa/www/total-invest/framework/web/CWebApplication.php:280
Stack trace:
#0 /home/nxa/www/total-invest/framework/web/CWebApplication.php(135): CWebApplication->runController('favicon.ico')
#1 /home/nxa/www/total-invest/framework/base/CApplication.php(162): CWebApplication->processRequest()
#2 /home/nxa/www/total-invest/public_html/index.php(13): CApplication->run()
#3 {main}
REQUEST_URI=/favicon.ico
---
2012/01/25 22:13:43 [error] [exception.CHttpException.404] exception 'CHttpException' with message 'Невозможно обработать запрос "favicon.ico".' in /home/nxa/www/total-invest/framework/web/CWebApplication.php:280
Stack trace:
#0 /home/nxa/www/total-invest/framework/web/CWebApplication.php(135): CWebApplication->runController('favicon.ico')
#1 /home/nxa/www/total-invest/framework/base/CApplication.php(162): CWebApplication->processRequest()
#2 /home/nxa/www/total-invest/public_html/index.php(13): CApplication->run()
#3 {main}
REQUEST_URI=/favicon.ico
---
2012/01/25 22:14:38 [error] [exception.CHttpException.404] exception 'CHttpException' with message 'Невозможно обработать запрос "favicon.ico".' in /home/nxa/www/total-invest/framework/web/CWebApplication.php:280
Stack trace:
#0 /home/nxa/www/total-invest/framework/web/CWebApplication.php(135): CWebApplication->runController('favicon.ico')
#1 /home/nxa/www/total-invest/framework/base/CApplication.php(162): CWebApplication->processRequest()
#2 /home/nxa/www/total-invest/public_html/index.php(13): CApplication->run()
#3 {main}
REQUEST_URI=/favicon.ico
---
2012/01/25 22:14:40 [error] [exception.CHttpException.404] exception 'CHttpException' with message 'Невозможно обработать запрос "favicon.ico".' in /home/nxa/www/total-invest/framework/web/CWebApplication.php:280
Stack trace:
#0 /home/nxa/www/total-invest/framework/web/CWebApplication.php(135): CWebApplication->runController('favicon.ico')
#1 /home/nxa/www/total-invest/framework/base/CApplication.php(162): CWebApplication->processRequest()
#2 /home/nxa/www/total-invest/public_html/index.php(13): CApplication->run()
#3 {main}
REQUEST_URI=/favicon.ico
---
2012/01/25 22:14:45 [error] [exception.CHttpException.404] exception 'CHttpException' with message 'Невозможно обработать запрос "favicon.ico".' in /home/nxa/www/total-invest/framework/web/CWebApplication.php:280
Stack trace:
#0 /home/nxa/www/total-invest/framework/web/CWebApplication.php(135): CWebApplication->runController('favicon.ico')
#1 /home/nxa/www/total-invest/framework/base/CApplication.php(162): CWebApplication->processRequest()
#2 /home/nxa/www/total-invest/public_html/index.php(13): CApplication->run()
#3 {main}
REQUEST_URI=/favicon.ico
---
2012/01/25 22:14:47 [error] [exception.CHttpException.404] exception 'CHttpException' with message 'Невозможно обработать запрос "favicon.ico".' in /home/nxa/www/total-invest/framework/web/CWebApplication.php:280
Stack trace:
#0 /home/nxa/www/total-invest/framework/web/CWebApplication.php(135): CWebApplication->runController('favicon.ico')
#1 /home/nxa/www/total-invest/framework/base/CApplication.php(162): CWebApplication->processRequest()
#2 /home/nxa/www/total-invest/public_html/index.php(13): CApplication->run()
#3 {main}
REQUEST_URI=/favicon.ico
---
2012/01/25 22:14:48 [error] [exception.CHttpException.404] exception 'CHttpException' with message 'Невозможно обработать запрос "favicon.ico".' in /home/nxa/www/total-invest/framework/web/CWebApplication.php:280
Stack trace:
#0 /home/nxa/www/total-invest/framework/web/CWebApplication.php(135): CWebApplication->runController('favicon.ico')
#1 /home/nxa/www/total-invest/framework/base/CApplication.php(162): CWebApplication->processRequest()
#2 /home/nxa/www/total-invest/public_html/index.php(13): CApplication->run()
#3 {main}
REQUEST_URI=/favicon.ico
---
2012/01/25 22:14:49 [error] [exception.CHttpException.404] exception 'CHttpException' with message 'Невозможно обработать запрос "favicon.ico".' in /home/nxa/www/total-invest/framework/web/CWebApplication.php:280
Stack trace:
#0 /home/nxa/www/total-invest/framework/web/CWebApplication.php(135): CWebApplication->runController('favicon.ico')
#1 /home/nxa/www/total-invest/framework/base/CApplication.php(162): CWebApplication->processRequest()
#2 /home/nxa/www/total-invest/public_html/index.php(13): CApplication->run()
#3 {main}
REQUEST_URI=/favicon.ico
---
2012/01/25 22:14:50 [error] [exception.CHttpException.404] exception 'CHttpException' with message 'Невозможно обработать запрос "favicon.ico".' in /home/nxa/www/total-invest/framework/web/CWebApplication.php:280
Stack trace:
#0 /home/nxa/www/total-invest/framework/web/CWebApplication.php(135): CWebApplication->runController('favicon.ico')
#1 /home/nxa/www/total-invest/framework/base/CApplication.php(162): CWebApplication->processRequest()
#2 /home/nxa/www/total-invest/public_html/index.php(13): CApplication->run()
#3 {main}
REQUEST_URI=/favicon.ico
---
2012/01/25 22:18:10 [error] [exception.CHttpException.404] exception 'CHttpException' with message 'Невозможно обработать запрос "favicon.ico".' in /home/nxa/www/total-invest/framework/web/CWebApplication.php:280
Stack trace:
#0 /home/nxa/www/total-invest/framework/web/CWebApplication.php(135): CWebApplication->runController('favicon.ico')
#1 /home/nxa/www/total-invest/framework/base/CApplication.php(162): CWebApplication->processRequest()
#2 /home/nxa/www/total-invest/public_html/index.php(13): CApplication->run()
#3 {main}
REQUEST_URI=/favicon.ico
---
2012/01/25 22:18:10 [error] [exception.CHttpException.404] exception 'CHttpException' with message 'Невозможно обработать запрос "favicon.ico".' in /home/nxa/www/total-invest/framework/web/CWebApplication.php:280
Stack trace:
#0 /home/nxa/www/total-invest/framework/web/CWebApplication.php(135): CWebApplication->runController('favicon.ico')
#1 /home/nxa/www/total-invest/framework/base/CApplication.php(162): CWebApplication->processRequest()
#2 /home/nxa/www/total-invest/public_html/index.php(13): CApplication->run()
#3 {main}
REQUEST_URI=/favicon.ico
---
2012/01/25 22:18:14 [error] [exception.CHttpException.404] exception 'CHttpException' with message 'Невозможно обработать запрос "favicon.ico".' in /home/nxa/www/total-invest/framework/web/CWebApplication.php:280
Stack trace:
#0 /home/nxa/www/total-invest/framework/web/CWebApplication.php(135): CWebApplication->runController('favicon.ico')
#1 /home/nxa/www/total-invest/framework/base/CApplication.php(162): CWebApplication->processRequest()
#2 /home/nxa/www/total-invest/public_html/index.php(13): CApplication->run()
#3 {main}
REQUEST_URI=/favicon.ico
---
2012/01/25 22:18:17 [error] [exception.CHttpException.404] exception 'CHttpException' with message 'Невозможно обработать запрос "favicon.ico".' in /home/nxa/www/total-invest/framework/web/CWebApplication.php:280
Stack trace:
#0 /home/nxa/www/total-invest/framework/web/CWebApplication.php(135): CWebApplication->runController('favicon.ico')
#1 /home/nxa/www/total-invest/framework/base/CApplication.php(162): CWebApplication->processRequest()
#2 /home/nxa/www/total-invest/public_html/index.php(13): CApplication->run()
#3 {main}
REQUEST_URI=/favicon.ico
---
2012/01/25 22:19:31 [error] [exception.CHttpException.404] exception 'CHttpException' with message 'Невозможно обработать запрос "favicon.ico".' in /home/nxa/www/total-invest/framework/web/CWebApplication.php:280
Stack trace:
#0 /home/nxa/www/total-invest/framework/web/CWebApplication.php(135): CWebApplication->runController('favicon.ico')
#1 /home/nxa/www/total-invest/framework/base/CApplication.php(162): CWebApplication->processRequest()
#2 /home/nxa/www/total-invest/public_html/index.php(13): CApplication->run()
#3 {main}
REQUEST_URI=/favicon.ico
---
2012/01/25 22:19:35 [error] [exception.CHttpException.404] exception 'CHttpException' with message 'Невозможно обработать запрос "favicon.ico".' in /home/nxa/www/total-invest/framework/web/CWebApplication.php:280
Stack trace:
#0 /home/nxa/www/total-invest/framework/web/CWebApplication.php(135): CWebApplication->runController('favicon.ico')
#1 /home/nxa/www/total-invest/framework/base/CApplication.php(162): CWebApplication->processRequest()
#2 /home/nxa/www/total-invest/public_html/index.php(13): CApplication->run()
#3 {main}
REQUEST_URI=/favicon.ico
---
2012/01/25 22:20:25 [error] [exception.CHttpException.404] exception 'CHttpException' with message 'Невозможно обработать запрос "favicon.ico".' in /home/nxa/www/total-invest/framework/web/CWebApplication.php:280
Stack trace:
#0 /home/nxa/www/total-invest/framework/web/CWebApplication.php(135): CWebApplication->runController('favicon.ico')
#1 /home/nxa/www/total-invest/framework/base/CApplication.php(162): CWebApplication->processRequest()
#2 /home/nxa/www/total-invest/public_html/index.php(13): CApplication->run()
#3 {main}
REQUEST_URI=/favicon.ico
---
2012/01/25 22:20:40 [error] [exception.CHttpException.404] exception 'CHttpException' with message 'Невозможно обработать запрос "favicon.ico".' in /home/nxa/www/total-invest/framework/web/CWebApplication.php:280
Stack trace:
#0 /home/nxa/www/total-invest/framework/web/CWebApplication.php(135): CWebApplication->runController('favicon.ico')
#1 /home/nxa/www/total-invest/framework/base/CApplication.php(162): CWebApplication->processRequest()
#2 /home/nxa/www/total-invest/public_html/index.php(13): CApplication->run()
#3 {main}
REQUEST_URI=/favicon.ico
---
2012/01/25 22:20:55 [error] [exception.CHttpException.404] exception 'CHttpException' with message 'Невозможно обработать запрос "favicon.ico".' in /home/nxa/www/total-invest/framework/web/CWebApplication.php:280
Stack trace:
#0 /home/nxa/www/total-invest/framework/web/CWebApplication.php(135): CWebApplication->runController('favicon.ico')
#1 /home/nxa/www/total-invest/framework/base/CApplication.php(162): CWebApplication->processRequest()
#2 /home/nxa/www/total-invest/public_html/index.php(13): CApplication->run()
#3 {main}
REQUEST_URI=/favicon.ico
---
2012/01/25 22:21:25 [error] [exception.CHttpException.404] exception 'CHttpException' with message 'Невозможно обработать запрос "favicon.ico".' in /home/nxa/www/total-invest/framework/web/CWebApplication.php:280
Stack trace:
#0 /home/nxa/www/total-invest/framework/web/CWebApplication.php(135): CWebApplication->runController('favicon.ico')
#1 /home/nxa/www/total-invest/framework/base/CApplication.php(162): CWebApplication->processRequest()
#2 /home/nxa/www/total-invest/public_html/index.php(13): CApplication->run()
#3 {main}
REQUEST_URI=/favicon.ico
---
2012/01/25 22:21:47 [error] [exception.CHttpException.404] exception 'CHttpException' with message 'Невозможно обработать запрос "favicon.ico".' in /home/nxa/www/total-invest/framework/web/CWebApplication.php:280
Stack trace:
#0 /home/nxa/www/total-invest/framework/web/CWebApplication.php(135): CWebApplication->runController('favicon.ico')
#1 /home/nxa/www/total-invest/framework/base/CApplication.php(162): CWebApplication->processRequest()
#2 /home/nxa/www/total-invest/public_html/index.php(13): CApplication->run()
#3 {main}
REQUEST_URI=/favicon.ico
---
2012/01/25 22:21:49 [error] [exception.CHttpException.404] exception 'CHttpException' with message 'Невозможно обработать запрос "favicon.ico".' in /home/nxa/www/total-invest/framework/web/CWebApplication.php:280
Stack trace:
#0 /home/nxa/www/total-invest/framework/web/CWebApplication.php(135): CWebApplication->runController('favicon.ico')
#1 /home/nxa/www/total-invest/framework/base/CApplication.php(162): CWebApplication->processRequest()
#2 /home/nxa/www/total-invest/public_html/index.php(13): CApplication->run()
#3 {main}
REQUEST_URI=/favicon.ico
---
2012/01/25 22:21:50 [error] [exception.CHttpException.404] exception 'CHttpException' with message 'Невозможно обработать запрос "favicon.ico".' in /home/nxa/www/total-invest/framework/web/CWebApplication.php:280
Stack trace:
#0 /home/nxa/www/total-invest/framework/web/CWebApplication.php(135): CWebApplication->runController('favicon.ico')
#1 /home/nxa/www/total-invest/framework/base/CApplication.php(162): CWebApplication->processRequest()
#2 /home/nxa/www/total-invest/public_html/index.php(13): CApplication->run()
#3 {main}
REQUEST_URI=/favicon.ico
---
2012/01/25 22:21:51 [error] [exception.CHttpException.404] exception 'CHttpException' with message 'Невозможно обработать запрос "favicon.ico".' in /home/nxa/www/total-invest/framework/web/CWebApplication.php:280
Stack trace:
#0 /home/nxa/www/total-invest/framework/web/CWebApplication.php(135): CWebApplication->runController('favicon.ico')
#1 /home/nxa/www/total-invest/framework/base/CApplication.php(162): CWebApplication->processRequest()
#2 /home/nxa/www/total-invest/public_html/index.php(13): CApplication->run()
#3 {main}
REQUEST_URI=/favicon.ico
---
2012/01/25 22:21:52 [error] [exception.CHttpException.404] exception 'CHttpException' with message 'Невозможно обработать запрос "favicon.ico".' in /home/nxa/www/total-invest/framework/web/CWebApplication.php:280
Stack trace:
#0 /home/nxa/www/total-invest/framework/web/CWebApplication.php(135): CWebApplication->runController('favicon.ico')
#1 /home/nxa/www/total-invest/framework/base/CApplication.php(162): CWebApplication->processRequest()
#2 /home/nxa/www/total-invest/public_html/index.php(13): CApplication->run()
#3 {main}
REQUEST_URI=/favicon.ico
---
2012/01/25 22:21:54 [error] [exception.CHttpException.404] exception 'CHttpException' with message 'Невозможно обработать запрос "favicon.ico".' in /home/nxa/www/total-invest/framework/web/CWebApplication.php:280
Stack trace:
#0 /home/nxa/www/total-invest/framework/web/CWebApplication.php(135): CWebApplication->runController('favicon.ico')
#1 /home/nxa/www/total-invest/framework/base/CApplication.php(162): CWebApplication->processRequest()
#2 /home/nxa/www/total-invest/public_html/index.php(13): CApplication->run()
#3 {main}
REQUEST_URI=/favicon.ico
---
2012/01/25 22:21:55 [error] [exception.CHttpException.404] exception 'CHttpException' with message 'Невозможно обработать запрос "favicon.ico".' in /home/nxa/www/total-invest/framework/web/CWebApplication.php:280
Stack trace:
#0 /home/nxa/www/total-invest/framework/web/CWebApplication.php(135): CWebApplication->runController('favicon.ico')
#1 /home/nxa/www/total-invest/framework/base/CApplication.php(162): CWebApplication->processRequest()
#2 /home/nxa/www/total-invest/public_html/index.php(13): CApplication->run()
#3 {main}
REQUEST_URI=/favicon.ico
---
2012/01/25 22:21:56 [error] [exception.CHttpException.404] exception 'CHttpException' with message 'Невозможно обработать запрос "favicon.ico".' in /home/nxa/www/total-invest/framework/web/CWebApplication.php:280
Stack trace:
#0 /home/nxa/www/total-invest/framework/web/CWebApplication.php(135): CWebApplication->runController('favicon.ico')
#1 /home/nxa/www/total-invest/framework/base/CApplication.php(162): CWebApplication->processRequest()
#2 /home/nxa/www/total-invest/public_html/index.php(13): CApplication->run()
#3 {main}
REQUEST_URI=/favicon.ico
---
2012/01/25 22:21:57 [error] [exception.CHttpException.404] exception 'CHttpException' with message 'Невозможно обработать запрос "favicon.ico".' in /home/nxa/www/total-invest/framework/web/CWebApplication.php:280
Stack trace:
#0 /home/nxa/www/total-invest/framework/web/CWebApplication.php(135): CWebApplication->runController('favicon.ico')
#1 /home/nxa/www/total-invest/framework/base/CApplication.php(162): CWebApplication->processRequest()
#2 /home/nxa/www/total-invest/public_html/index.php(13): CApplication->run()
#3 {main}
REQUEST_URI=/favicon.ico
---
2012/01/25 22:22:02 [error] [exception.CHttpException.404] exception 'CHttpException' with message 'Невозможно обработать запрос "favicon.ico".' in /home/nxa/www/total-invest/framework/web/CWebApplication.php:280
Stack trace:
#0 /home/nxa/www/total-invest/framework/web/CWebApplication.php(135): CWebApplication->runController('favicon.ico')
#1 /home/nxa/www/total-invest/framework/base/CApplication.php(162): CWebApplication->processRequest()
#2 /home/nxa/www/total-invest/public_html/index.php(13): CApplication->run()
#3 {main}
REQUEST_URI=/favicon.ico
---
2012/01/25 22:22:04 [error] [exception.CHttpException.404] exception 'CHttpException' with message 'Невозможно обработать запрос "favicon.ico".' in /home/nxa/www/total-invest/framework/web/CWebApplication.php:280
Stack trace:
#0 /home/nxa/www/total-invest/framework/web/CWebApplication.php(135): CWebApplication->runController('favicon.ico')
#1 /home/nxa/www/total-invest/framework/base/CApplication.php(162): CWebApplication->processRequest()
#2 /home/nxa/www/total-invest/public_html/index.php(13): CApplication->run()
#3 {main}
REQUEST_URI=/favicon.ico
---
2012/01/25 22:22:05 [error] [exception.CHttpException.404] exception 'CHttpException' with message 'Невозможно обработать запрос "favicon.ico".' in /home/nxa/www/total-invest/framework/web/CWebApplication.php:280
Stack trace:
#0 /home/nxa/www/total-invest/framework/web/CWebApplication.php(135): CWebApplication->runController('favicon.ico')
#1 /home/nxa/www/total-invest/framework/base/CApplication.php(162): CWebApplication->processRequest()
#2 /home/nxa/www/total-invest/public_html/index.php(13): CApplication->run()
#3 {main}
REQUEST_URI=/favicon.ico
---
2012/01/25 22:22:05 [error] [exception.CHttpException.404] exception 'CHttpException' with message 'Невозможно обработать запрос "favicon.ico".' in /home/nxa/www/total-invest/framework/web/CWebApplication.php:280
Stack trace:
#0 /home/nxa/www/total-invest/framework/web/CWebApplication.php(135): CWebApplication->runController('favicon.ico')
#1 /home/nxa/www/total-invest/framework/base/CApplication.php(162): CWebApplication->processRequest()
#2 /home/nxa/www/total-invest/public_html/index.php(13): CApplication->run()
#3 {main}
REQUEST_URI=/favicon.ico
---
2012/01/25 22:22:07 [error] [exception.CHttpException.404] exception 'CHttpException' with message 'Невозможно обработать запрос "favicon.ico".' in /home/nxa/www/total-invest/framework/web/CWebApplication.php:280
Stack trace:
#0 /home/nxa/www/total-invest/framework/web/CWebApplication.php(135): CWebApplication->runController('favicon.ico')
#1 /home/nxa/www/total-invest/framework/base/CApplication.php(162): CWebApplication->processRequest()
#2 /home/nxa/www/total-invest/public_html/index.php(13): CApplication->run()
#3 {main}
REQUEST_URI=/favicon.ico
---
2012/01/25 22:22:08 [error] [exception.CHttpException.404] exception 'CHttpException' with message 'Невозможно обработать запрос "favicon.ico".' in /home/nxa/www/total-invest/framework/web/CWebApplication.php:280
Stack trace:
#0 /home/nxa/www/total-invest/framework/web/CWebApplication.php(135): CWebApplication->runController('favicon.ico')
#1 /home/nxa/www/total-invest/framework/base/CApplication.php(162): CWebApplication->processRequest()
#2 /home/nxa/www/total-invest/public_html/index.php(13): CApplication->run()
#3 {main}
REQUEST_URI=/favicon.ico
---
2012/01/25 22:22:09 [error] [exception.CHttpException.404] exception 'CHttpException' with message 'Невозможно обработать запрос "favicon.ico".' in /home/nxa/www/total-invest/framework/web/CWebApplication.php:280
Stack trace:
#0 /home/nxa/www/total-invest/framework/web/CWebApplication.php(135): CWebApplication->runController('favicon.ico')
#1 /home/nxa/www/total-invest/framework/base/CApplication.php(162): CWebApplication->processRequest()
#2 /home/nxa/www/total-invest/public_html/index.php(13): CApplication->run()
#3 {main}
REQUEST_URI=/favicon.ico
---
2012/01/25 22:22:10 [error] [exception.CHttpException.404] exception 'CHttpException' with message 'Невозможно обработать запрос "favicon.ico".' in /home/nxa/www/total-invest/framework/web/CWebApplication.php:280
Stack trace:
#0 /home/nxa/www/total-invest/framework/web/CWebApplication.php(135): CWebApplication->runController('favicon.ico')
#1 /home/nxa/www/total-invest/framework/base/CApplication.php(162): CWebApplication->processRequest()
#2 /home/nxa/www/total-invest/public_html/index.php(13): CApplication->run()
#3 {main}
REQUEST_URI=/favicon.ico
---
